<?xml version="1.0" encoding="UTF-8"?>
<!-- Generated by org.testng.reporters.JUnitXMLReporter -->
<testsuite hostname="Bibhutis-MacBook-Air.local" name="Default test" tests="1" failures="0" timestamp="14 Oct 2017 06:33:57 GMT" time="0.031" errors="0">
  <testcase name="@BeforeSuite checkSuiteSkip" time="0.0" classname="org.ivymobility.com.UserMaster.UM_LL_TC_01ToVerifyTheLocationScreenLoadsAsPerTheSpecification">
    <skipped/>
  </testcase> <!-- @BeforeSuite checkSuiteSkip -->
  <testcase name="@BeforeTest checkTestSkip" time="0.0" classname="org.ivymobility.com.UserMaster.UM_LL_TC_01ToVerifyTheLocationScreenLoadsAsPerTheSpecification">
    <skipped/>
  </testcase> <!-- @BeforeTest checkTestSkip -->
  <testcase name="@AfterMethod reportDatasetResult" time="0.0" classname="org.ivymobility.com.UserMaster.UM_LL_TC_01ToVerifyTheLocationScreenLoadsAsPerTheSpecification">
    <skipped/>
  </testcase> <!-- @AfterMethod reportDatasetResult -->
  <testcase name="@AfterTest reportTestResult" time="0.0" classname="org.ivymobility.com.UserMaster.UM_LL_TC_01ToVerifyTheLocationScreenLoadsAsPerTheSpecification">
    <skipped/>
  </testcase> <!-- @AfterTest reportTestResult -->
  <testcase name="UM_LL_TC_01" time="0.002" classname="org.ivymobility.com.UserMaster.UM_LL_TC_01ToVerifyTheLocationScreenLoadsAsPerTheSpecification">
    <skipped/>
  </testcase> <!-- UM_LL_TC_01 -->
</testsuite> <!-- Default test -->
