<?xml version="1.0" encoding="UTF-8"?>
<!-- Generated by org.testng.reporters.JUnitXMLReporter -->
<testsuite hostname="Bibhutis-MacBook-Air.local" name="UM_LL_TC_01ToVerifyTheLocationScreenLoadsAsPerTheSpecification" tests="1" failures="0" timestamp="6 Aug 2017 17:07:39 GMT" time="21.952" errors="0">
  <testcase name="@AfterMethod reportDatasetResult" time="0.0" classname="org.ivymobility.com.UserMaster.UM_LL_TC_01ToVerifyTheLocationScreenLoadsAsPerTheSpecification">
    <failure type="org.openqa.selenium.UnhandledAlertException" message="Unexpected modal dialog (text: Please fill all fields): Please fill all fields
Build info: version: &amp;apos;2.49.0&amp;apos;, revision: &amp;apos;365eeb4&amp;apos;, time: &amp;apos;2016-01-13 18:37:00&amp;apos;
System info: host: &amp;apos;Bibhutis-MacBook-Air.local&amp;apos;, ip: &amp;apos;192.168.0.101&amp;apos;, os.name: &amp;apos;Mac OS X&amp;apos;, os.arch: &amp;apos;x86_64&amp;apos;, os.version: &amp;apos;10.12.6&amp;apos;, java.version: &amp;apos;1.8.0_131&amp;apos;
Driver info: org.openqa.selenium.firefox.FirefoxDriver
Capabilities [{applicationCacheEnabled=true, rotatable=false, handlesAlerts=true, databaseEnabled=true, version=43.0.2, platform=MAC, nativeEvents=false, acceptSslCerts=true, webStorageEnabled=true, locationContextEnabled=true, browserName=firefox, takesScreenshot=true, javascriptEnabled=true, cssSelectorsEnabled=true}]
Session ID: 3d806a01-0e10-fc4a-8832-fae3c7d4222c">
      <![CDATA[org.openqa.selenium.UnhandledAlertException: Unexpected modal dialog (text: Please fill all fields): Please fill all fields
Build info: version: '2.49.0', revision: '365eeb4', time: '2016-01-13 18:37:00'
System info: host: 'Bibhutis-MacBook-Air.local', ip: '192.168.0.101', os.name: 'Mac OS X', os.arch: 'x86_64', os.version: '10.12.6', java.version: '1.8.0_131'
Driver info: org.openqa.selenium.firefox.FirefoxDriver
Capabilities [{applicationCacheEnabled=true, rotatable=false, handlesAlerts=true, databaseEnabled=true, version=43.0.2, platform=MAC, nativeEvents=false, acceptSslCerts=true, webStorageEnabled=true, locationContextEnabled=true, browserName=firefox, takesScreenshot=true, javascriptEnabled=true, cssSelectorsEnabled=true}]
Session ID: 3d806a01-0e10-fc4a-8832-fae3c7d4222c
	at org.openqa.selenium.remote.ErrorHandler.createThrowable(ErrorHandler.java:206)
	at org.openqa.selenium.remote.ErrorHandler.createUnhandledAlertException(ErrorHandler.java:187)
	at org.openqa.selenium.remote.ErrorHandler.throwIfResponseFailed(ErrorHandler.java:154)
	at org.openqa.selenium.remote.RemoteWebDriver.execute(RemoteWebDriver.java:678)
	at org.openqa.selenium.remote.RemoteWebDriver.execute(RemoteWebDriver.java:701)
	at org.openqa.selenium.firefox.FirefoxDriver.getScreenshotAs(FirefoxDriver.java:341)
	at org.ivymobility.com.UserMaster.UM_LL_TC_01ToVerifyTheLocationScreenLoadsAsPerTheSpecification.reportDatasetResult(UM_LL_TC_01ToVerifyTheLocationScreenLoadsAsPerTheSpecification.java:121)
... Removed 30 stack frames]]>
    </failure>
  </testcase> <!-- @AfterMethod reportDatasetResult -->
  <testcase name="@AfterTest reportTestResult" time="0.0" classname="org.ivymobility.com.UserMaster.UM_LL_TC_01ToVerifyTheLocationScreenLoadsAsPerTheSpecification">
    <skipped/>
  </testcase> <!-- @AfterTest reportTestResult -->
  <testcase name="UM_LL_TC_01" time="1.671" classname="org.ivymobility.com.UserMaster.UM_LL_TC_01ToVerifyTheLocationScreenLoadsAsPerTheSpecification"/>
</testsuite> <!-- UM_LL_TC_01ToVerifyTheLocationScreenLoadsAsPerTheSpecification -->
