<?xml version="1.0" encoding="UTF-8"?>
<testng-results skipped="1" failed="0" total="1" passed="0">
  <reporter-output>
  </reporter-output>
  <suite name="Default suite" duration-ms="31" started-at="2017-10-14T06:33:57Z" finished-at="2017-10-14T06:33:57Z">
    <groups>
    </groups>
    <test name="Default test" duration-ms="31" started-at="2017-10-14T06:33:57Z" finished-at="2017-10-14T06:33:57Z">
      <class name="org.ivymobility.com.UserMaster.UM_LL_TC_01ToVerifyTheLocationScreenLoadsAsPerTheSpecification">
        <test-method status="SKIP" signature="checkSuiteSkip()[pri:0, instance:org.ivymobility.com.UserMaster.UM_LL_TC_01ToVerifyTheLocationScreenLoadsAsPerTheSpecification@2a2d45ba]" name="checkSuiteSkip" is-config="true" duration-ms="0" started-at="2017-10-14T12:03:49Z" finished-at="2017-10-14T12:03:49Z">
          <exception class="org.testng.SkipException">
            <message>
              <![CDATA[ RunMode of  DistributorManagementSuitexls  is set to No, therefore skipping all test cases in DistributorManagementSuitexls]]>
            </message>
            <full-stacktrace>
              <![CDATA[org.testng.SkipException:  RunMode of  DistributorManagementSuitexls  is set to No, therefore skipping all test cases in DistributorManagementSuitexls
	at org.ivymobility.com.UserMaster.UserMasterSuiteBase.checkSuiteSkip(UserMasterSuiteBase.java:36)
	at sun.reflect.NativeMethodAccessorImpl.invoke0(Native Method)
	at sun.reflect.NativeMethodAccessorImpl.invoke(NativeMethodAccessorImpl.java:62)
	at sun.reflect.DelegatingMethodAccessorImpl.invoke(DelegatingMethodAccessorImpl.java:43)
	at java.lang.reflect.Method.invoke(Method.java:498)
	at org.testng.internal.MethodInvocationHelper.invokeMethod(MethodInvocationHelper.java:85)
	at org.testng.internal.Invoker.invokeConfigurationMethod(Invoker.java:510)
	at org.testng.internal.Invoker.invokeConfigurations(Invoker.java:211)
	at org.testng.internal.Invoker.invokeConfigurations(Invoker.java:138)
	at org.testng.SuiteRunner.privateRun(SuiteRunner.java:298)
	at org.testng.SuiteRunner.run(SuiteRunner.java:261)
	at org.testng.SuiteRunnerWorker.runSuite(SuiteRunnerWorker.java:52)
	at org.testng.SuiteRunnerWorker.run(SuiteRunnerWorker.java:86)
	at org.testng.TestNG.runSuitesSequentially(TestNG.java:1215)
	at org.testng.TestNG.runSuitesLocally(TestNG.java:1140)
	at org.testng.TestNG.run(TestNG.java:1048)
	at org.testng.remote.AbstractRemoteTestNG.run(AbstractRemoteTestNG.java:132)
	at org.testng.remote.RemoteTestNG.initAndRun(RemoteTestNG.java:230)
	at org.testng.remote.RemoteTestNG.main(RemoteTestNG.java:76)
]]>
            </full-stacktrace>
          </exception> <!-- org.testng.SkipException -->
          <reporter-output>
          </reporter-output>
        </test-method> <!-- checkSuiteSkip -->
        <test-method status="SKIP" signature="checkTestSkip()[pri:0, instance:org.ivymobility.com.UserMaster.UM_LL_TC_01ToVerifyTheLocationScreenLoadsAsPerTheSpecification@2a2d45ba]" name="checkTestSkip" is-config="true" duration-ms="0" started-at="2017-10-14T12:03:57Z" finished-at="2017-10-14T12:03:57Z">
          <reporter-output>
          </reporter-output>
        </test-method> <!-- checkTestSkip -->
        <test-method status="SKIP" signature="UM_LL_TC_01()[pri:0, instance:org.ivymobility.com.UserMaster.UM_LL_TC_01ToVerifyTheLocationScreenLoadsAsPerTheSpecification@2a2d45ba]" name="UM_LL_TC_01" duration-ms="2" started-at="2017-10-14T12:03:57Z" finished-at="2017-10-14T12:03:57Z">
          <reporter-output>
          </reporter-output>
        </test-method> <!-- UM_LL_TC_01 -->
        <test-method status="SKIP" signature="reportDatasetResult()[pri:0, instance:org.ivymobility.com.UserMaster.UM_LL_TC_01ToVerifyTheLocationScreenLoadsAsPerTheSpecification@2a2d45ba]" name="reportDatasetResult" is-config="true" duration-ms="0" started-at="2017-10-14T12:03:57Z" finished-at="2017-10-14T12:03:57Z">
          <reporter-output>
          </reporter-output>
        </test-method> <!-- reportDatasetResult -->
        <test-method status="SKIP" signature="reportTestResult()[pri:0, instance:org.ivymobility.com.UserMaster.UM_LL_TC_01ToVerifyTheLocationScreenLoadsAsPerTheSpecification@2a2d45ba]" name="reportTestResult" is-config="true" duration-ms="0" started-at="2017-10-14T12:03:57Z" finished-at="2017-10-14T12:03:57Z">
          <reporter-output>
          </reporter-output>
        </test-method> <!-- reportTestResult -->
        <test-method status="SKIP" signature="tearDown()[pri:0, instance:org.ivymobility.com.UserMaster.UM_LL_TC_01ToVerifyTheLocationScreenLoadsAsPerTheSpecification@2a2d45ba]" name="tearDown" is-config="true" duration-ms="0" started-at="2017-10-14T12:03:57Z" finished-at="2017-10-14T12:03:57Z">
          <reporter-output>
          </reporter-output>
        </test-method> <!-- tearDown -->
      </class> <!-- org.ivymobility.com.UserMaster.UM_LL_TC_01ToVerifyTheLocationScreenLoadsAsPerTheSpecification -->
    </test> <!-- Default test -->
  </suite> <!-- Default suite -->
</testng-results>
